<?xml version="1.0" encoding="UTF-8"?>
<testng-results skipped="0" failed="0" ignored="0" total="1" passed="1">
  <reporter-output>
  </reporter-output>
  <suite name="Default suite" duration-ms="3836" started-at="2022-02-02T19:03:32 IST" finished-at="2022-02-02T19:03:36 IST">
    <groups>
    </groups>
    <test name="Default test" duration-ms="3836" started-at="2022-02-02T19:03:32 IST" finished-at="2022-02-02T19:03:36 IST">
      <class name="Challenge">
        <test-method status="PASS" signature="addCartForMaxAmountProduct()[pri:0, instance:Challenge@1a3869f4]" name="addCartForMaxAmountProduct" duration-ms="3806" started-at="2022-02-02T19:03:32 IST" finished-at="2022-02-02T19:03:36 IST">
          <reporter-output>
          </reporter-output>
        </test-method> <!-- addCartForMaxAmountProduct -->
      </class> <!-- Challenge -->
    </test> <!-- Default test -->
  </suite> <!-- Default suite -->
</testng-results>
